# JRE version: OpenJDK Runtime Environment (11.0.12+7) (build 11.0.12+7-b1504.28-7817840)
# Java VM: OpenJDK 64-Bit Server VM (11.0.12+7-b1504.28-7817840, mixed mode, tiered, compressed oops, g1 gc, windows-amd64)
Heap:
 garbage-first heap   total 196608K, used 41829K [0x0000000080000000, 0x0000000100000000)
  region size 1024K, 20 young (20480K), 8 survivors (8192K)
 Metaspace       used 47405K, capacity 48601K, committed 48716K, reserved 1091584K
  class space    used 6117K, capacity 6522K, committed 6528K, reserved 1048576K
GC Heap History (16 events):
Event: 4.128 GC heap before
{Heap before GC invocations=0 (full 0):
 garbage-first heap   total 196608K, used 16384K [0x0000000080000000, 0x0000000100000000)
  region size 1024K, 14 young (14336K), 0 survivors (0K)
 Metaspace       used 6722K, capacity 6925K, committed 7168K, reserved 1056768K
  class space    used 582K, capacity 650K, committed 768K, reserved 1048576K
}
Event: 4.131 GC heap after
{Heap after GC invocations=1 (full 0):
 garbage-first heap   total 196608K, used 3581K [0x0000000080000000, 0x0000000100000000)
  region size 1024K, 2 young (2048K), 2 survivors (2048K)
 Metaspace       used 6722K, capacity 6925K, committed 7168K, reserved 1056768K
  class space    used 582K, capacity 650K, committed 768K, reserved 1048576K
}
Event: 13.858 GC heap before
{Heap before GC invocations=1 (full 0):
 garbage-first heap   total 196608K, used 123389K [0x0000000080000000, 0x0000000100000000)
  region size 1024K, 115 young (117760K), 2 survivors (2048K)
 Metaspace       used 20058K, capacity 20454K, committed 20608K, reserved 1067008K
  class space    used 2470K, capacity 2611K, committed 2688K, reserved 1048576K
}
Event: 13.869 GC heap after
{Heap after GC invocations=2 (full 0):
 garbage-first heap   total 196608K, used 16735K [0x0000000080000000, 0x0000000100000000)
  region size 1024K, 12 young (12288K), 12 survivors (12288K)
 Metaspace       used 20058K, capacity 20454K, committed 20608K, reserved 1067008K
  class space    used 2470K, capacity 2611K, committed 2688K, reserved 1048576K
}
Event: 14.008 GC heap before
{Heap before GC invocations=2 (full 0):
 garbage-first heap   total 196608K, used 20831K [0x0000000080000000, 0x0000000100000000)
  region size 1024K, 17 young (17408K), 12 survivors (12288K)
 Metaspace       used 20761K, capacity 21138K, committed 21248K, reserved 1067008K
  class space    used 2549K, capacity 2711K, committed 2816K, reserved 1048576K
}
Event: 14.021 GC heap after
{Heap after GC invocations=3 (full 0):
 garbage-first heap   total 196608K, used 17876K [0x0000000080000000, 0x0000000100000000)
  region size 1024K, 1 young (1024K), 1 survivors (1024K)
 Metaspace       used 20761K, capacity 21138K, committed 21248K, reserved 1067008K
  class space    used 2549K, capacity 2711K, committed 2816K, reserved 1048576K
}
Event: 15.064 GC heap before
{Heap before GC invocations=4 (full 0):
 garbage-first heap   total 196608K, used 59860K [0x0000000080000000, 0x0000000100000000)
  region size 1024K, 42 young (43008K), 1 survivors (1024K)
 Metaspace       used 24980K, capacity 25549K, committed 25728K, reserved 1071104K
  class space    used 3195K, capacity 3420K, committed 3456K, reserved 1048576K
}
Event: 15.068 GC heap after
{Heap after GC invocations=5 (full 0):
 garbage-first heap   total 196608K, used 18552K [0x0000000080000000, 0x0000000100000000)
  region size 1024K, 2 young (2048K), 2 survivors (2048K)
 Metaspace       used 24980K, capacity 25549K, committed 25728K, reserved 1071104K
  class space    used 3195K, capacity 3420K, committed 3456K, reserved 1048576K
}
Event: 16.372 GC heap before
{Heap before GC invocations=5 (full 0):
 garbage-first heap   total 196608K, used 87160K [0x0000000080000000, 0x0000000100000000)
  region size 1024K, 69 young (70656K), 2 survivors (2048K)
 Metaspace       used 33494K, capacity 34342K, committed 34432K, reserved 1079296K
  class space    used 4365K, capacity 4675K, committed 4736K, reserved 1048576K
}
Event: 16.380 GC heap after
{Heap after GC invocations=6 (full 0):
 garbage-first heap   total 196608K, used 21996K [0x0000000080000000, 0x0000000100000000)
  region size 1024K, 5 young (5120K), 5 survivors (5120K)
 Metaspace       used 33494K, capacity 34342K, committed 34432K, reserved 1079296K
  class space    used 4365K, capacity 4675K, committed 4736K, reserved 1048576K
}
Event: 16.455 GC heap before
{Heap before GC invocations=6 (full 0):
 garbage-first heap   total 196608K, used 23020K [0x0000000080000000, 0x0000000100000000)
  region size 1024K, 7 young (7168K), 5 survivors (5120K)
 Metaspace       used 34919K, capacity 35786K, committed 35840K, reserved 1081344K
  class space    used 4531K, capacity 4839K, committed 4864K, reserved 1048576K
}
Event: 16.464 GC heap after
{Heap after GC invocations=7 (full 0):
 garbage-first heap   total 196608K, used 22401K [0x0000000080000000, 0x0000000100000000)
  region size 1024K, 6 young (6144K), 6 survivors (6144K)
 Metaspace       used 34919K, capacity 35786K, committed 35840K, reserved 1081344K
  class space    used 4531K, capacity 4839K, committed 4864K, reserved 1048576K
}
Event: 17.666 GC heap before
{Heap before GC invocations=8 (full 0):
 garbage-first heap   total 196608K, used 91009K [0x0000000080000000, 0x0000000100000000)
  region size 1024K, 71 young (72704K), 6 survivors (6144K)
 Metaspace       used 39895K, capacity 40782K, committed 41036K, reserved 1085440K
  class space    used 5110K, capacity 5434K, committed 5504K, reserved 1048576K
}
Event: 17.679 GC heap after
{Heap after GC invocations=9 (full 0):
 garbage-first heap   total 196608K, used 28119K [0x0000000080000000, 0x0000000100000000)
  region size 1024K, 9 young (9216K), 9 survivors (9216K)
 Metaspace       used 39895K, capacity 40782K, committed 41036K, reserved 1085440K
  class space    used 5110K, capacity 5434K, committed 5504K, reserved 1048576K
}
Event: 18.880 GC heap before
{Heap before GC invocations=9 (full 0):
 garbage-first heap   total 196608K, used 102871K [0x0000000080000000, 0x0000000100000000)
  region size 1024K, 82 young (83968K), 9 survivors (9216K)
 Metaspace       used 46541K, capacity 47694K, committed 47820K, reserved 1091584K
  class space    used 5989K, capacity 6365K, committed 6400K, reserved 1048576K
}
Event: 18.899 GC heap after
{Heap after GC invocations=10 (full 0):
 garbage-first heap   total 196608K, used 30565K [0x0000000080000000, 0x0000000100000000)
  region size 1024K, 8 young (8192K), 8 survivors (8192K)
 Metaspace       used 46541K, capacity 47694K, committed 47820K, reserved 1091584K
  class space    used 5989K, capacity 6365K, committed 6400K, reserved 1048576K
}

